{
  "RSpec": {
    "coverage": {
      "/home/qq/ror/recipe/app/helpers/application_helper.rb": [
        1,
        1,
        2,
        2,
        null,
        null,
        1,
        15,
        15,
        15,
        0,
        0,
        null,
        null,
        0,
        null,
        null,
        1,
        15,
        null,
        null
      ],
      "/home/qq/ror/recipe/app/helpers/enum_helper.rb": [
        1,
        null,
        1,
        45,
        45,
        null,
        null,
        1,
        45,
        12,
        null,
        null,
        null,
        null
      ],
      "/home/qq/ror/recipe/app/helpers/groups_helper.rb": [
        1,
        1,
        10,
        null,
        null
      ],
      "/home/qq/ror/recipe/app/helpers/purchases_helper.rb": [
        1,
        1,
        1,
        null,
        1,
        0,
        0,
        0,
        null,
        0,
        0,
        null,
        null,
        null,
        null,
        1,
        0,
        0,
        null,
        null,
        null
      ],
      "/home/qq/ror/recipe/spec/support/matchers/cancan_matchers.rb": [
        null,
        null,
        null,
        null,
        null,
        null,
        null,
        null,
        null,
        null,
        null,
        null,
        null,
        1,
        0,
        null,
        0,
        0,
        0,
        0,
        0,
        0,
        0,
        null,
        0,
        null,
        null,
        0,
        0,
        0,
        0,
        null,
        null,
        0,
        0,
        0,
        0,
        null,
        0,
        null,
        null,
        null,
        null,
        null,
        1,
        0,
        null,
        0,
        0,
        0,
        0,
        null,
        null,
        0,
        0,
        0,
        0,
        0,
        null,
        0,
        null,
        null,
        0,
        0,
        0,
        0,
        null,
        null,
        0,
        0,
        0,
        0,
        null,
        0,
        null,
        null,
        null,
        null,
        null,
        1,
        1,
        0,
        0,
        0,
        null,
        null,
        0,
        null,
        null,
        0,
        null,
        0,
        null,
        null,
        1,
        0,
        0,
        null,
        null,
        null
      ],
      "/home/qq/ror/recipe/spec/support/matchers/url_matcher.rb": [
        1,
        2,
        2,
        2,
        null,
        0,
        null,
        null,
        null
      ],
      "/home/qq/ror/recipe/spec/support/database_cleaner.rb": [
        1,
        1,
        1,
        null,
        null,
        1,
        144,
        null,
        null,
        1,
        9,
        null,
        null,
        1,
        144,
        null,
        null,
        1,
        144,
        null,
        null
      ],
      "/home/qq/ror/recipe/spec/support/acceptance_helper.rb": [
        1,
        1,
        0,
        0,
        null,
        null,
        null,
        null,
        null
      ],
      "/home/qq/ror/recipe/spec/support/headless.rb": [
        1,
        1,
        null,
        null,
        1,
        null,
        null
      ],
      "/home/qq/ror/recipe/spec/support/factory_girl.rb": [
        1,
        1,
        1,
        1,
        1,
        null,
        1,
        1,
        1,
        null,
        1,
        null,
        null,
        null
      ],
      "/home/qq/ror/recipe/spec/support/devise.rb": [
        1,
        1,
        null,
        1,
        1
      ],
      "/home/qq/ror/recipe/spec/support/controller_macros.rb": [
        1,
        1,
        5,
        18,
        18,
        18,
        18,
        null,
        null,
        null
      ],
      "/home/qq/ror/recipe/spec/support/helpers/vk_oauth_stub_helper.rb": [
        1,
        1,
        null,
        1,
        1,
        2,
        null,
        null,
        null,
        null,
        null,
        2,
        2,
        null,
        null,
        1,
        2,
        null,
        null,
        null,
        null,
        null,
        2,
        2,
        null,
        null
      ],
      "/home/qq/ror/recipe/spec/support/helpers/form_helpers.rb": [
        1,
        1,
        4,
        4,
        4,
        4,
        null,
        null
      ],
      "/home/qq/ror/recipe/app/controllers/groups_controller.rb": [
        1,
        1,
        1,
        1,
        1,
        null,
        1,
        null,
        1,
        3,
        3,
        null,
        null,
        1,
        17,
        17,
        null,
        null,
        1,
        0,
        null,
        null,
        1,
        null,
        null,
        1,
        0,
        0,
        0,
        0,
        null,
        0,
        null,
        null,
        null,
        1,
        0,
        0,
        null,
        0,
        null,
        null,
        null,
        1,
        0,
        0,
        null,
        null,
        1,
        4,
        4,
        7,
        5,
        null,
        null,
        null,
        1,
        null,
        1,
        21,
        null,
        null,
        1,
        0,
        null,
        null
      ],
      "/home/qq/ror/recipe/app/controllers/application_controller.rb": [
        1,
        1,
        null,
        1,
        1,
        1,
        null,
        1,
        4,
        null,
        null
      ],
      "/home/qq/ror/recipe/app/controllers/concerns/public_index.rb": [
        1,
        1,
        1,
        3,
        null,
        null
      ],
      "/home/qq/ror/recipe/app/controllers/concerns/public_show.rb": [
        1,
        1,
        1,
        2,
        null,
        null
      ],
      "/home/qq/ror/recipe/spec/controllers/pages_controller_spec.rb": [
        1,
        null,
        1,
        null,
        1,
        1,
        1,
        1,
        null,
        null,
        null,
        1,
        1,
        1,
        1,
        null,
        null,
        1,
        1,
        1,
        null,
        null,
        null,
        null,
        null
      ],
      "/home/qq/ror/recipe/app/controllers/pages_controller.rb": [
        1,
        1,
        1,
        null,
        1,
        12,
        null,
        null,
        1,
        null,
        null
      ],
      "/home/qq/ror/recipe/spec/controllers/profiles_controller_spec.rb": [
        1,
        null,
        1,
        1,
        1,
        1,
        1,
        1,
        1,
        null,
        null,
        null,
        1,
        1,
        1,
        1,
        null,
        2,
        null,
        null,
        null,
        1,
        1,
        null,
        1,
        1,
        1,
        1,
        null,
        null,
        1,
        1,
        3,
        null,
        null,
        1,
        3,
        null,
        null,
        2,
        2,
        2,
        null,
        null,
        null
      ],
      "/home/qq/ror/recipe/app/controllers/profiles_controller.rb": [
        1,
        1,
        1,
        null,
        1,
        null,
        null,
        1,
        null,
        null,
        1,
        4,
        4,
        null,
        0,
        null,
        null,
        null,
        1,
        null,
        1,
        19,
        null,
        null,
        1,
        4,
        null,
        null,
        1,
        19,
        null,
        null
      ],
      "/home/qq/ror/recipe/spec/controllers/purchases_controller_spec.rb": [
        null,
        null,
        null,
        null,
        null,
        null,
        null,
        null,
        null,
        null,
        null,
        null,
        null,
        null,
        null,
        null,
        null,
        null,
        null,
        null,
        null,
        null,
        null,
        null,
        null,
        null,
        null,
        null,
        null,
        null,
        null,
        null,
        1,
        null,
        1,
        null,
        1,
        2,
        3,
        null,
        1,
        1,
        null,
        null,
        1,
        1,
        null,
        null,
        null,
        1,
        4,
        null,
        4,
        null,
        1,
        1,
        null,
        null,
        1,
        1,
        null,
        null,
        1,
        1,
        null,
        null,
        null,
        1,
        1,
        1,
        3,
        null,
        1,
        1,
        null,
        null,
        1,
        1,
        null,
        null,
        null,
        1,
        2,
        null,
        1,
        1,
        null,
        null,
        null,
        null,
        1,
        1,
        1,
        3,
        3,
        null,
        1,
        1,
        null,
        null,
        1,
        1,
        null,
        null,
        null,
        1,
        2,
        2,
        null,
        1,
        1,
        null,
        null,
        null,
        null,
        1,
        1,
        1,
        5,
        null,
        1,
        1,
        2,
        null,
        null,
        1,
        1,
        1,
        null,
        null,
        null,
        1,
        3,
        3,
        null,
        1,
        2,
        null,
        null,
        1,
        1,
        1,
        null,
        null,
        null,
        null,
        1,
        2,
        2,
        null,
        1,
        1,
        null,
        null,
        null,
        null,
        1,
        1,
        1,
        7,
        null,
        1,
        1,
        1,
        1,
        null,
        null,
        1,
        1,
        1,
        1,
        1,
        null,
        null,
        1,
        1,
        1,
        null,
        null,
        null,
        1,
        2,
        2,
        null,
        1,
        1,
        null,
        1,
        1,
        null,
        null,
        null,
        1,
        3,
        null,
        1,
        1,
        1,
        1,
        null,
        null,
        1,
        1,
        null,
        null,
        null,
        null,
        1,
        2,
        2,
        null,
        1,
        1,
        null,
        null,
        null,
        null,
        1,
        1,
        1,
        1,
        1,
        null,
        null,
        null,
        1,
        1,
        null,
        1,
        3,
        3,
        3,
        null,
        null,
        1,
        2,
        null,
        null,
        1,
        1,
        1,
        null,
        null,
        null,
        1,
        1,
        2,
        null,
        null,
        1,
        1,
        1,
        null,
        null,
        null,
        null,
        null
      ],
      "/home/qq/ror/recipe/app/controllers/purchases_controller.rb": [
        1,
        1,
        1,
        null,
        1,
        1,
        1,
        1,
        null,
        null,
        1,
        18,
        null,
        null,
        null,
        null,
        null,
        null,
        1,
        2,
        null,
        null,
        1,
        null,
        null,
        1,
        2,
        null,
        null,
        1,
        4,
        2,
        null,
        2,
        null,
        null,
        null,
        1,
        5,
        3,
        null,
        2,
        2,
        null,
        2,
        null,
        null,
        null,
        1,
        17,
        null,
        null,
        1,
        0,
        0,
        0,
        0,
        null,
        null,
        null,
        1,
        null,
        1,
        29,
        null,
        null,
        1,
        9,
        null,
        null,
        null,
        null,
        1,
        10,
        3,
        null,
        null,
        null,
        1,
        17,
        null,
        null,
        1,
        4,
        null,
        null,
        1,
        null,
        0,
        null,
        null
      ],
      "/home/qq/ror/recipe/spec/features/add_comment_to_group_spec.rb": [
        1,
        null,
        1,
        1,
        1,
        1,
        1,
        1,
        1,
        1,
        1,
        null,
        null,
        null,
        1,
        1,
        1,
        1,
        null,
        null,
        1,
        1,
        1,
        1,
        1,
        1,
        1,
        null,
        null,
        null
      ],
      "/home/qq/ror/recipe/spec/features/add_comment_to_purchase_spec.rb": [
        1,
        null,
        1,
        1,
        1,
        1,
        1,
        1,
        null,
        1,
        1,
        1,
        null,
        null,
        null,
        1,
        1,
        1,
        1,
        null,
        null,
        1,
        1,
        1,
        1,
        1,
        1,
        1,
        null,
        null,
        null
      ],
      "/home/qq/ror/recipe/spec/features/edit_purchase_spec.rb": [
        1,
        null,
        1,
        7,
        7,
        2,
        2,
        7,
        7,
        7,
        7,
        null,
        1,
        1,
        1,
        1,
        null,
        null,
        null,
        1,
        6,
        null,
        1,
        1,
        1,
        1,
        null,
        null,
        1,
        1,
        1,
        1,
        null,
        null,
        null,
        1,
        1,
        2,
        2,
        2,
        null,
        null,
        1,
        1,
        0,
        0,
        0,
        0,
        0,
        0,
        null,
        0,
        null,
        0,
        0,
        0,
        null,
        0,
        0,
        0,
        0,
        0,
        0,
        0,
        null,
        null,
        1,
        1,
        0,
        0,
        0,
        0,
        0,
        0,
        0,
        0,
        0,
        0,
        0,
        null,
        0,
        null,
        0,
        0,
        null,
        0,
        0,
        null,
        0,
        0,
        null,
        null,
        null,
        1,
        1,
        1,
        null,
        null,
        null,
        1,
        4,
        null,
        null
      ],
      "/home/qq/ror/recipe/spec/acceptance_helper.rb": [
        1,
        null,
        1,
        1,
        1,
        1,
        1,
        null,
        1,
        1,
        null,
        null,
        1,
        144,
        null,
        null,
        1,
        9,
        null,
        null,
        1,
        144,
        null,
        null,
        1,
        144,
        null,
        null,
        1,
        1,
        null,
        null
      ],
      "/home/qq/ror/recipe/spec/features/group_spec.rb": [
        1,
        1,
        null,
        1,
        5,
        5,
        null,
        1,
        4,
        4,
        null,
        null,
        1,
        1,
        null,
        null,
        1,
        1,
        null,
        null,
        1,
        1,
        1,
        null,
        null,
        1,
        1,
        1,
        1,
        null,
        null
      ],
      "/home/qq/ror/recipe/spec/features/groups_pagination_feature_spec.rb": [
        1,
        null,
        1,
        1,
        1,
        null,
        1,
        null,
        1,
        null,
        null,
        1,
        1,
        null,
        1,
        null,
        1,
        null,
        null
      ],
      "/home/qq/ror/recipe/spec/features/purchase_new_spec.rb": [
        1,
        null,
        1,
        6,
        6,
        6,
        6,
        null,
        1,
        1,
        1,
        1,
        null,
        1,
        null,
        1,
        0,
        null,
        0,
        0,
        0,
        null,
        0,
        0,
        null,
        0,
        null,
        0,
        0,
        null,
        0,
        0,
        null,
        0,
        0,
        0,
        null,
        null,
        null,
        1,
        1,
        2,
        2,
        null,
        null,
        1,
        1,
        1,
        null,
        null,
        1,
        1,
        1,
        null,
        null,
        null,
        1,
        1,
        1,
        1,
        null,
        null,
        1,
        1,
        1,
        null,
        null,
        null
      ],
      "/home/qq/ror/recipe/spec/features/purchases_index_spec.rb": [
        1,
        null,
        1,
        5,
        null,
        1,
        1,
        null,
        1,
        3,
        null,
        null,
        1,
        null,
        null,
        1,
        1,
        null,
        1,
        null,
        1,
        null,
        1,
        1,
        1,
        null,
        null,
        1,
        1,
        1,
        1,
        null,
        1,
        1,
        0,
        0,
        0,
        0,
        null,
        null,
        0,
        null,
        null,
        null,
        1,
        1,
        1,
        null,
        1,
        null,
        null,
        null,
        null,
        1,
        3,
        3,
        3,
        null
      ],
      "/home/qq/ror/recipe/spec/features/purchases_pagination_feature_spec.rb": [
        1,
        null,
        1,
        1,
        1,
        null,
        1,
        null,
        1,
        null,
        null,
        1,
        1,
        null,
        1,
        null,
        1,
        null,
        null
      ],
      "/home/qq/ror/recipe/spec/features/purchases_show_spec.rb": [
        1,
        null,
        1,
        1,
        1,
        1,
        null,
        1,
        1,
        1,
        1,
        1,
        1,
        1,
        1,
        1,
        1,
        1,
        1,
        1,
        null,
        null,
        1,
        1,
        3,
        3,
        null,
        null,
        1,
        1,
        1,
        null,
        1,
        1,
        null,
        0,
        null,
        null,
        null,
        1,
        1,
        1,
        1,
        null,
        1,
        null,
        1,
        null,
        null,
        1,
        1,
        1,
        null,
        1,
        null,
        1,
        null,
        null,
        null,
        null,
        1,
        1,
        1,
        null,
        1,
        null,
        1,
        null,
        null,
        1,
        1,
        null,
        1,
        null,
        1,
        null,
        null,
        null
      ],
      "/home/qq/ror/recipe/spec/features/search_purchases_spec.rb": [
        1,
        null,
        1,
        5,
        5,
        5,
        5,
        5,
        null,
        1,
        4,
        null,
        null,
        1,
        1,
        1,
        null,
        1,
        1,
        1,
        null,
        null,
        null,
        1,
        1,
        1,
        null,
        1,
        1,
        1,
        null,
        null,
        null,
        1,
        1,
        1,
        1,
        null,
        1,
        1,
        1,
        null,
        null,
        null,
        1,
        1,
        1,
        null,
        1,
        1,
        1,
        null,
        null,
        null,
        null,
        1,
        4,
        null,
        null
      ],
      "/home/qq/ror/recipe/spec/features/show_group_spec.rb": [
        1,
        null,
        1,
        3,
        2,
        2,
        null,
        1,
        1,
        null,
        1,
        1,
        null,
        1,
        1,
        null,
        null,
        1,
        1,
        1,
        null,
        1,
        1,
        null,
        1,
        2,
        2,
        2,
        null,
        null,
        null,
        1,
        1,
        null,
        1,
        1,
        null,
        null
      ],
      "/home/qq/ror/recipe/spec/features/users_profile_spec.rb": [
        1,
        null,
        1,
        9,
        1,
        8,
        null,
        null,
        1,
        1,
        1,
        null,
        1,
        1,
        null,
        null,
        1,
        1,
        1,
        null,
        1,
        1,
        null,
        1,
        null,
        null,
        1,
        null,
        1,
        1,
        null,
        1,
        1,
        null,
        1,
        null,
        null,
        1,
        1,
        1,
        null,
        1,
        1,
        null,
        1,
        null,
        null,
        1,
        1,
        1,
        null,
        1,
        null,
        null,
        1,
        1,
        1,
        null,
        1,
        null,
        null,
        1,
        null,
        1,
        1,
        1,
        1,
        null,
        null,
        1,
        1,
        1,
        null,
        1,
        null,
        1,
        null,
        1,
        null,
        1,
        null,
        1,
        1,
        1,
        null,
        null
      ],
      "/home/qq/ror/recipe/spec/helpers/enum_helper_spec.rb": [
        1,
        null,
        null,
        null,
        null,
        null,
        null,
        null,
        null,
        null,
        null,
        null,
        1,
        1,
        null
      ],
      "/home/qq/ror/recipe/spec/helpers/groups_helper_spec.rb": [
        1,
        null,
        null,
        null,
        null,
        null,
        null,
        null,
        null,
        null,
        null,
        null,
        1,
        1,
        null
      ],
      "/home/qq/ror/recipe/spec/models/comment_spec.rb": [
        1,
        null,
        1,
        1,
        1,
        null,
        2,
        2,
        2,
        2,
        null,
        null,
        null,
        null,
        null,
        null,
        null,
        null,
        null,
        null,
        null,
        null,
        null,
        null,
        null,
        null,
        null,
        null,
        null,
        null,
        null,
        null,
        null,
        null
      ],
      "/home/qq/ror/recipe/app/models/comment.rb": [
        1,
        1,
        null,
        1,
        1,
        null,
        null,
        null,
        null,
        null,
        1,
        null,
        null,
        1,
        null,
        null,
        null,
        null,
        1,
        36,
        null,
        null,
        null,
        null,
        null,
        null,
        1,
        0,
        null,
        null,
        null,
        null,
        1,
        0,
        null,
        null,
        null,
        null,
        1,
        0,
        null,
        null,
        null,
        null,
        1,
        0,
        null,
        null,
        null,
        null,
        null,
        null,
        null,
        null,
        null,
        null,
        null,
        null,
        null,
        null,
        null,
        null,
        null,
        null,
        null,
        null,
        null,
        null,
        null,
        null,
        null
      ],
      "/home/qq/ror/recipe/spec/models/delivery_payment_cost_type_spec.rb": [
        1,
        null,
        1,
        2,
        2,
        2,
        null,
        null,
        null,
        null,
        null,
        null,
        null,
        null,
        null,
        null
      ],
      "/home/qq/ror/recipe/app/models/delivery_payment_cost_type.rb": [
        1,
        1,
        null,
        1,
        null,
        null,
        null,
        null,
        null,
        null,
        null,
        null,
        null,
        null
      ],
      "/home/qq/ror/recipe/spec/models/delivery_payment_type_spec.rb": [
        1,
        null,
        1,
        2,
        2,
        2,
        null,
        null,
        null,
        null,
        null,
        null,
        null,
        null,
        null,
        null
      ],
      "/home/qq/ror/recipe/app/models/delivery_payment_type.rb": [
        1,
        1,
        null,
        1,
        null,
        null,
        null,
        null,
        null,
        null,
        null,
        null,
        null,
        null
      ],
      "/home/qq/ror/recipe/spec/models/following_spec.rb": [
        1,
        null,
        1,
        1,
        null,
        null,
        null,
        null,
        null,
        null,
        null,
        null,
        null,
        null,
        null,
        null,
        null,
        null,
        null,
        null,
        null,
        null
      ],
      "/home/qq/ror/recipe/app/models/following.rb": [
        1,
        1,
        1,
        1,
        1,
        null,
        null,
        null,
        null,
        null,
        null,
        null,
        null,
        null,
        null,
        null,
        null,
        null,
        null,
        null,
        null,
        null,
        null
      ],
      "/home/qq/ror/recipe/spec/models/group_spec.rb": [
        1,
        null,
        1,
        2,
        2,
        2,
        2,
        2,
        null,
        1,
        null,
        1,
        3,
        3,
        null,
        1,
        1,
        null,
        null,
        1,
        1,
        null,
        null,
        null,
        null,
        null,
        null,
        null,
        null,
        null,
        null,
        null,
        null,
        null,
        null,
        null,
        null,
        null,
        null,
        null,
        null
      ],
      "/home/qq/ror/recipe/app/models/group.rb": [
        1,
        1,
        1,
        1,
        1,
        1,
        1,
        null,
        1,
        null,
        22,
        4,
        null,
        1,
        22,
        null,
        null,
        1,
        20,
        null,
        null,
        1,
        42,
        18,
        18,
        null,
        null,
        null,
        null,
        null,
        null,
        null,
        null,
        null,
        null,
        null,
        null,
        null,
        null,
        null,
        null,
        null,
        null,
        null
      ],
      "/home/qq/ror/recipe/app/models/concerns/sortable.rb": [
        1,
        1,
        null,
        1,
        4,
        1,
        null,
        null
      ],
      "/home/qq/ror/recipe/app/models/concerns/to_drop_down_mixin.rb": [
        1,
        null,
        1,
        2,
        null,
        null,
        1,
        1,
        0,
        null,
        null,
        null,
        1,
        0,
        null,
        null
      ],
      "/home/qq/ror/recipe/spec/models/order_item_spec.rb": [
        1,
        null,
        1,
        1,
        null,
        null,
        null,
        null,
        null,
        null,
        null,
        null,
        null,
        null,
        null,
        null,
        null,
        null
      ],
      "/home/qq/ror/recipe/app/models/order_item.rb": [
        1,
        1,
        null,
        null,
        null,
        null,
        null,
        null,
        null,
        null,
        null,
        null,
        null,
        null,
        null,
        null
      ],
      "/home/qq/ror/recipe/spec/models/order_spec.rb": [
        1,
        null,
        1,
        1,
        null,
        null,
        null,
        null,
        null,
        null,
        null,
        null,
        null,
        null,
        null,
        null,
        null
      ],
      "/home/qq/ror/recipe/app/models/order.rb": [
        1,
        1,
        1,
        1,
        null,
        null,
        null,
        null,
        null,
        null,
        null,
        null,
        null,
        null,
        null,
        null,
        null
      ],
      "/home/qq/ror/recipe/spec/models/purchase_spec.rb": [
        1,
        null,
        1,
        17,
        2,
        2,
        2,
        2,
        2,
        2,
        2,
        2,
        2,
        2,
        2,
        2,
        2,
        2,
        2,
        2,
        null,
        1,
        1,
        1,
        null,
        null,
        1,
        3,
        3,
        null,
        1,
        1,
        5,
        null,
        null,
        1,
        1,
        2,
        null,
        null,
        null,
        1,
        3,
        2,
        null,
        2,
        2,
        null,
        1,
        1,
        null,
        null,
        1,
        1,
        null,
        null,
        null,
        null,
        null,
        null,
        null,
        null,
        null,
        null,
        null,
        null,
        null,
        null,
        null,
        null,
        null,
        null,
        null,
        null,
        null,
        null,
        null,
        null,
        null,
        null,
        null,
        null,
        null,
        null,
        null,
        null,
        null,
        null,
        null
      ],
      "/home/qq/ror/recipe/app/models/purchase.rb": [
        1,
        1,
        null,
        1,
        1,
        1,
        1,
        1,
        1,
        null,
        1,
        null,
        null,
        null,
        1,
        null,
        1,
        1,
        null,
        null,
        1,
        null,
        null,
        null,
        1,
        1,
        1,
        null,
        25,
        3,
        null,
        1,
        null,
        1,
        257,
        null,
        null,
        1,
        145,
        1,
        null,
        null,
        null,
        1,
        15,
        null,
        null,
        null,
        null,
        null,
        null,
        null,
        null,
        null,
        null,
        null,
        null,
        null,
        null,
        null,
        null,
        null,
        null,
        null,
        null,
        null,
        null,
        null,
        null,
        null,
        null,
        null,
        null,
        null,
        null,
        null,
        null,
        null,
        null
      ],
      "/home/qq/ror/recipe/spec/models/recipe_spec.rb": [
        1,
        null,
        1,
        1,
        null,
        null,
        null,
        null,
        null,
        null,
        null,
        null,
        null,
        null,
        null,
        null,
        null,
        null,
        null,
        null,
        null
      ],
      "/home/qq/ror/recipe/app/models/recipe.rb": [
        1,
        1,
        1,
        1,
        null,
        null,
        null,
        1,
        null,
        1,
        1,
        null,
        null,
        1,
        null,
        null,
        1,
        null,
        null,
        null,
        null,
        null,
        null,
        null,
        null,
        null,
        null,
        null,
        null,
        null,
        null,
        null,
        null,
        null,
        null
      ],
      "/home/qq/ror/recipe/spec/models/role_spec.rb": [
        1,
        null,
        1,
        1,
        null,
        null,
        null,
        null,
        null,
        null,
        null,
        null,
        null,
        null,
        null,
        null,
        null,
        null,
        null,
        null,
        null,
        null
      ],
      "/home/qq/ror/recipe/app/models/role.rb": [
        1,
        1,
        null,
        1,
        null,
        1,
        null,
        1,
        null,
        null,
        null,
        null,
        null,
        null,
        null,
        null,
        null,
        null,
        null,
        null,
        null,
        null,
        null,
        null,
        null,
        null
      ],
      "/home/qq/ror/recipe/spec/models/user_spec.rb": [
        1,
        1,
        null,
        1,
        2,
        null,
        15,
        15,
        15,
        15,
        15,
        null,
        1,
        1,
        1,
        null,
        null,
        1,
        6,
        null,
        1,
        1,
        null,
        null,
        1,
        1,
        1,
        null,
        null,
        1,
        1,
        1,
        null,
        null,
        1,
        1,
        null,
        null,
        1,
        1,
        1,
        1,
        null,
        null,
        null,
        1,
        1,
        1,
        null,
        null,
        1,
        null,
        3,
        3,
        null,
        1,
        1,
        1,
        null,
        null,
        1,
        1,
        1,
        null,
        null,
        null,
        1,
        1,
        null,
        null,
        1,
        1,
        null,
        null,
        1,
        1,
        2,
        null,
        null,
        1,
        1,
        2,
        null,
        null,
        null,
        null,
        null,
        null,
        null,
        null,
        null,
        null,
        null,
        null,
        null,
        null,
        null,
        null,
        null,
        null,
        null,
        null,
        null,
        null,
        null,
        null,
        null,
        null,
        null,
        null,
        null,
        null,
        null,
        null
      ],
      "/home/qq/ror/recipe/spec/views/pages/about.html.erb_spec.rb": [
        1,
        null,
        1,
        null,
        1,
        1,
        1,
        null,
        null,
        null
      ],
      "/home/qq/ror/recipe/spec/views/pages/index.html.erb_spec.rb": [
        1,
        null,
        1,
        1,
        null
      ],
      "/home/qq/ror/recipe/spec/views/profile/edit.html.erb_spec.rb": [
        1,
        null,
        1,
        1,
        null
      ],
      "/home/qq/ror/recipe/spec/views/profile/index.html.erb_spec.rb": [
        1,
        null,
        1,
        1,
        null
      ],
      "/home/qq/ror/recipe/spec/views/profile/update.html.erb_spec.rb": [
        1,
        null,
        1,
        1,
        null
      ],
      "/home/qq/ror/recipe/app/models/city.rb": [
        1,
        1,
        null,
        1,
        null,
        1,
        null,
        null,
        null,
        null,
        null,
        null,
        null,
        null,
        null
      ],
      "/home/qq/ror/recipe/app/models/ability.rb": [
        1,
        1,
        null,
        1,
        92,
        92,
        0,
        92,
        52,
        52,
        52,
        52,
        52,
        52,
        40,
        0,
        null,
        40,
        null,
        null,
        null
      ],
      "/home/qq/ror/recipe/app/controllers/comments_controller.rb": [
        1,
        1,
        null,
        1,
        2,
        2,
        2,
        null,
        2,
        2,
        2,
        4,
        null,
        0,
        null,
        null,
        null,
        null,
        1,
        null,
        1,
        8,
        null,
        null,
        1,
        2,
        null,
        null,
        1,
        2,
        null,
        null,
        1,
        2,
        null,
        null,
        1,
        2,
        null,
        null,
        1,
        2,
        null,
        0,
        0,
        null,
        null,
        null
      ]
    },
    "timestamp": 1474134244
  }
}
